<?xml version="1.0" encoding="UTF-8"?>
<!-- Generated by org.testng.reporters.JUnitXMLReporter -->
<testsuite ignored="3" hostname="QT-INBG-LT0175" failures="3" tests="11" name="Verification_Login" time="93.235" errors="0" timestamp="2021-03-24T19:17:01 IST">
  <testcase classname="Verification_Login.Color_Verify" name="color" time="6.003"/>
  <testcase classname="Verification_Login.Display_Test" name="display" time="6.029"/>
  <testcase classname="Verification_Login.forwardBack" name="login" time="11.163"/>
  <testcase classname="Verification_Login.Login_Testcase" name="basepagenavigation" time="7.086">
    <failure type="org.openqa.selenium.UnhandledAlertException" message="unexpected alert open: {Alert text : Invalid username or password}
  (Session info: chrome=89.0.4389.90): Invalid username or password
Build info: version: &amp;apos;4.0.0-beta-2&amp;apos;, revision: &amp;apos;4ec0cfc112&amp;apos;
System info: host: &amp;apos;QT-INBG-LT0175&amp;apos;, ip: &amp;apos;10.20.19.74&amp;apos;, os.name: &amp;apos;Windows 10&amp;apos;, os.arch: &amp;apos;amd64&amp;apos;, os.version: &amp;apos;10.0&amp;apos;, java.version: &amp;apos;15.0.1&amp;apos;
Driver info: org.openqa.selenium.chrome.ChromeDriver
Command: [8368421598c2611f75a3f40456040d21, close {}]
Capabilities {acceptInsecureCerts: false, browserName: chrome, browserVersion: 89.0.4389.90, chrome: {chromedriverVersion: 88.0.4324.96 (68dba2d8a0b14..., userDataDir: C:\Users\QUALIT~1\AppData\L...}, goog:chromeOptions: {debuggerAddress: localhost:51315}, javascriptEnabled: true, networkConnectionEnabled: false, pageLoadStrategy: normal, platform: WINDOWS, platformName: WINDOWS, proxy: Proxy(), setWindowRect: true, strictFileInteractability: false, timeouts: {implicit: 0, pageLoad: 300000, script: 30000}, unhandledPromptBehavior: dismiss and notify, webauthn:extension:largeBlob: true, webauthn:virtualAuthenticators: true}
Session ID: 8368421598c2611f75a3f40456040d21">
      <![CDATA[org.openqa.selenium.UnhandledAlertException: unexpected alert open: {Alert text : Invalid username or password}
  (Session info: chrome=89.0.4389.90): Invalid username or password
Build info: version: '4.0.0-beta-2', revision: '4ec0cfc112'
System info: host: 'QT-INBG-LT0175', ip: '10.20.19.74', os.name: 'Windows 10', os.arch: 'amd64', os.version: '10.0', java.version: '15.0.1'
Driver info: org.openqa.selenium.chrome.ChromeDriver
Command: [8368421598c2611f75a3f40456040d21, close {}]
Capabilities {acceptInsecureCerts: false, browserName: chrome, browserVersion: 89.0.4389.90, chrome: {chromedriverVersion: 88.0.4324.96 (68dba2d8a0b14..., userDataDir: C:\Users\QUALIT~1\AppData\L...}, goog:chromeOptions: {debuggerAddress: localhost:51315}, javascriptEnabled: true, networkConnectionEnabled: false, pageLoadStrategy: normal, platform: WINDOWS, platformName: WINDOWS, proxy: Proxy(), setWindowRect: true, strictFileInteractability: false, timeouts: {implicit: 0, pageLoad: 300000, script: 30000}, unhandledPromptBehavior: dismiss and notify, webauthn:extension:largeBlob: true, webauthn:virtualAuthenticators: true}
Session ID: 8368421598c2611f75a3f40456040d21
at org.openqa.selenium.remote.codec.w3c.W3CHttpResponseCodec.decode(W3CHttpResponseCodec.java:126)
at org.openqa.selenium.remote.codec.w3c.W3CHttpResponseCodec.decode(W3CHttpResponseCodec.java:52)
at org.openqa.selenium.remote.HttpCommandExecutor.execute(HttpCommandExecutor.java:187)
at org.openqa.selenium.remote.service.DriverCommandExecutor.invokeExecute(DriverCommandExecutor.java:153)
at org.openqa.selenium.remote.service.DriverCommandExecutor.execute(DriverCommandExecutor.java:128)
at org.openqa.selenium.remote.RemoteWebDriver.execute(RemoteWebDriver.java:620)
at org.openqa.selenium.remote.RemoteWebDriver.execute(RemoteWebDriver.java:675)
at org.openqa.selenium.remote.RemoteWebDriver.execute(RemoteWebDriver.java:679)
at org.openqa.selenium.remote.RemoteWebDriver.close(RemoteWebDriver.java:506)
at Verification_Login.Login_Testcase.basepagenavigation(Login_Testcase.java:31)
at java.base/java.util.ArrayList.forEach(ArrayList.java:1511)
... Removed 27 stack frames]]>
    </failure>
  </testcase> <!-- basepagenavigation -->
  <testcase classname="Verification_Login.Login_Testcase" name="basepagenavigation" time="10.632"/>
  <testcase classname="Verification_Login.Login_Testcase" name="basepagenavigation" time="4.748"/>
  <testcase classname="Verification_Login.Login_Testcase" name="basepagenavigation" time="11.238"/>
  <testcase classname="Verification_Login.Login_Testcase" name="basepagenavigation" time="15.68"/>
  <testcase classname="Verification_Login.Login_Testcase" name="basepagenavigation" time="5.117">
    <failure type="org.openqa.selenium.UnhandledAlertException" message="unexpected alert open: {Alert text : Invalid username or password}
  (Session info: chrome=89.0.4389.90): Invalid username or password
Build info: version: &amp;apos;4.0.0-beta-2&amp;apos;, revision: &amp;apos;4ec0cfc112&amp;apos;
System info: host: &amp;apos;QT-INBG-LT0175&amp;apos;, ip: &amp;apos;10.20.19.74&amp;apos;, os.name: &amp;apos;Windows 10&amp;apos;, os.arch: &amp;apos;amd64&amp;apos;, os.version: &amp;apos;10.0&amp;apos;, java.version: &amp;apos;15.0.1&amp;apos;
Driver info: org.openqa.selenium.chrome.ChromeDriver
Command: [46e1049358abdda98c93f04afd54401d, close {}]
Capabilities {acceptInsecureCerts: false, browserName: chrome, browserVersion: 89.0.4389.90, chrome: {chromedriverVersion: 88.0.4324.96 (68dba2d8a0b14..., userDataDir: C:\Users\QUALIT~1\AppData\L...}, goog:chromeOptions: {debuggerAddress: localhost:51443}, javascriptEnabled: true, networkConnectionEnabled: false, pageLoadStrategy: normal, platform: WINDOWS, platformName: WINDOWS, proxy: Proxy(), setWindowRect: true, strictFileInteractability: false, timeouts: {implicit: 0, pageLoad: 300000, script: 30000}, unhandledPromptBehavior: dismiss and notify, webauthn:extension:largeBlob: true, webauthn:virtualAuthenticators: true}
Session ID: 46e1049358abdda98c93f04afd54401d">
      <![CDATA[org.openqa.selenium.UnhandledAlertException: unexpected alert open: {Alert text : Invalid username or password}
  (Session info: chrome=89.0.4389.90): Invalid username or password
Build info: version: '4.0.0-beta-2', revision: '4ec0cfc112'
System info: host: 'QT-INBG-LT0175', ip: '10.20.19.74', os.name: 'Windows 10', os.arch: 'amd64', os.version: '10.0', java.version: '15.0.1'
Driver info: org.openqa.selenium.chrome.ChromeDriver
Command: [46e1049358abdda98c93f04afd54401d, close {}]
Capabilities {acceptInsecureCerts: false, browserName: chrome, browserVersion: 89.0.4389.90, chrome: {chromedriverVersion: 88.0.4324.96 (68dba2d8a0b14..., userDataDir: C:\Users\QUALIT~1\AppData\L...}, goog:chromeOptions: {debuggerAddress: localhost:51443}, javascriptEnabled: true, networkConnectionEnabled: false, pageLoadStrategy: normal, platform: WINDOWS, platformName: WINDOWS, proxy: Proxy(), setWindowRect: true, strictFileInteractability: false, timeouts: {implicit: 0, pageLoad: 300000, script: 30000}, unhandledPromptBehavior: dismiss and notify, webauthn:extension:largeBlob: true, webauthn:virtualAuthenticators: true}
Session ID: 46e1049358abdda98c93f04afd54401d
at org.openqa.selenium.remote.codec.w3c.W3CHttpResponseCodec.decode(W3CHttpResponseCodec.java:126)
at org.openqa.selenium.remote.codec.w3c.W3CHttpResponseCodec.decode(W3CHttpResponseCodec.java:52)
at org.openqa.selenium.remote.HttpCommandExecutor.execute(HttpCommandExecutor.java:187)
at org.openqa.selenium.remote.service.DriverCommandExecutor.invokeExecute(DriverCommandExecutor.java:153)
at org.openqa.selenium.remote.service.DriverCommandExecutor.execute(DriverCommandExecutor.java:128)
at org.openqa.selenium.remote.RemoteWebDriver.execute(RemoteWebDriver.java:620)
at org.openqa.selenium.remote.RemoteWebDriver.execute(RemoteWebDriver.java:675)
at org.openqa.selenium.remote.RemoteWebDriver.execute(RemoteWebDriver.java:679)
at org.openqa.selenium.remote.RemoteWebDriver.close(RemoteWebDriver.java:506)
at Verification_Login.Login_Testcase.basepagenavigation(Login_Testcase.java:31)
at java.base/java.util.ArrayList.forEach(ArrayList.java:1511)
... Removed 27 stack frames]]>
    </failure>
  </testcase> <!-- basepagenavigation -->
  <testcase classname="Verification_Login.Login_Testcase" name="basepagenavigation" time="6.064">
    <failure type="org.openqa.selenium.UnhandledAlertException" message="unexpected alert open: {Alert text : Invalid username or password}
  (Session info: chrome=89.0.4389.90): Invalid username or password
Build info: version: &amp;apos;4.0.0-beta-2&amp;apos;, revision: &amp;apos;4ec0cfc112&amp;apos;
System info: host: &amp;apos;QT-INBG-LT0175&amp;apos;, ip: &amp;apos;10.20.19.74&amp;apos;, os.name: &amp;apos;Windows 10&amp;apos;, os.arch: &amp;apos;amd64&amp;apos;, os.version: &amp;apos;10.0&amp;apos;, java.version: &amp;apos;15.0.1&amp;apos;
Driver info: org.openqa.selenium.chrome.ChromeDriver
Command: [ca433847fd30c125389e3e0fe670cd82, close {}]
Capabilities {acceptInsecureCerts: false, browserName: chrome, browserVersion: 89.0.4389.90, chrome: {chromedriverVersion: 88.0.4324.96 (68dba2d8a0b14..., userDataDir: C:\Users\QUALIT~1\AppData\L...}, goog:chromeOptions: {debuggerAddress: localhost:51461}, javascriptEnabled: true, networkConnectionEnabled: false, pageLoadStrategy: normal, platform: WINDOWS, platformName: WINDOWS, proxy: Proxy(), setWindowRect: true, strictFileInteractability: false, timeouts: {implicit: 0, pageLoad: 300000, script: 30000}, unhandledPromptBehavior: dismiss and notify, webauthn:extension:largeBlob: true, webauthn:virtualAuthenticators: true}
Session ID: ca433847fd30c125389e3e0fe670cd82">
      <![CDATA[org.openqa.selenium.UnhandledAlertException: unexpected alert open: {Alert text : Invalid username or password}
  (Session info: chrome=89.0.4389.90): Invalid username or password
Build info: version: '4.0.0-beta-2', revision: '4ec0cfc112'
System info: host: 'QT-INBG-LT0175', ip: '10.20.19.74', os.name: 'Windows 10', os.arch: 'amd64', os.version: '10.0', java.version: '15.0.1'
Driver info: org.openqa.selenium.chrome.ChromeDriver
Command: [ca433847fd30c125389e3e0fe670cd82, close {}]
Capabilities {acceptInsecureCerts: false, browserName: chrome, browserVersion: 89.0.4389.90, chrome: {chromedriverVersion: 88.0.4324.96 (68dba2d8a0b14..., userDataDir: C:\Users\QUALIT~1\AppData\L...}, goog:chromeOptions: {debuggerAddress: localhost:51461}, javascriptEnabled: true, networkConnectionEnabled: false, pageLoadStrategy: normal, platform: WINDOWS, platformName: WINDOWS, proxy: Proxy(), setWindowRect: true, strictFileInteractability: false, timeouts: {implicit: 0, pageLoad: 300000, script: 30000}, unhandledPromptBehavior: dismiss and notify, webauthn:extension:largeBlob: true, webauthn:virtualAuthenticators: true}
Session ID: ca433847fd30c125389e3e0fe670cd82
at org.openqa.selenium.remote.codec.w3c.W3CHttpResponseCodec.decode(W3CHttpResponseCodec.java:126)
at org.openqa.selenium.remote.codec.w3c.W3CHttpResponseCodec.decode(W3CHttpResponseCodec.java:52)
at org.openqa.selenium.remote.HttpCommandExecutor.execute(HttpCommandExecutor.java:187)
at org.openqa.selenium.remote.service.DriverCommandExecutor.invokeExecute(DriverCommandExecutor.java:153)
at org.openqa.selenium.remote.service.DriverCommandExecutor.execute(DriverCommandExecutor.java:128)
at org.openqa.selenium.remote.RemoteWebDriver.execute(RemoteWebDriver.java:620)
at org.openqa.selenium.remote.RemoteWebDriver.execute(RemoteWebDriver.java:675)
at org.openqa.selenium.remote.RemoteWebDriver.execute(RemoteWebDriver.java:679)
at org.openqa.selenium.remote.RemoteWebDriver.close(RemoteWebDriver.java:506)
at Verification_Login.Login_Testcase.basepagenavigation(Login_Testcase.java:31)
at java.base/java.util.ArrayList.forEach(ArrayList.java:1511)
... Removed 27 stack frames]]>
    </failure>
  </testcase> <!-- basepagenavigation -->
  <testcase classname="Verification_Login.Login_Testcase" name="basepagenavigation" time="9.372"/>
  <testcase classname="Resources.Base" name="@BeforeSuite Bsuite" time="0.0">
    <ignored/>
  </testcase> <!-- @BeforeSuite Bsuite -->
  <testcase classname="Resources.Base" name="@BeforeSuite Bsuite" time="0.0">
    <ignored/>
  </testcase> <!-- @BeforeSuite Bsuite -->
  <testcase classname="Resources.Base" name="@BeforeSuite Bsuite" time="0.0">
    <ignored/>
  </testcase> <!-- @BeforeSuite Bsuite -->
</testsuite> <!-- Verification_Login -->
